<?xml version="1.0" encoding="UTF-8"?>
<testsuite xmlns:xsi="http://www.w3.org/2001/XMLSchema-instance" xsi:noNamespaceSchemaLocation="https://maven.apache.org/surefire/maven-surefire-plugin/xsd/surefire-test-report.xsd" name="com.laceUp.LaceUp.LaceUpApplicationTests" time="6.596" tests="1" errors="0" skipped="0" failures="0">
  <properties>
    <property name="java.specification.version" value="20"/>
    <property name="sun.jnu.encoding" value="UTF-8"/>
    <property name="java.class.path" value="/Users/moayademad/systems_software/Project/backend/target/test-classes:/Users/moayademad/systems_software/Project/backend/target/classes:/Users/moayademad/.m2/repository/org/springframework/boot/spring-boot-starter-data-mongodb/3.1.0-M2/spring-boot-starter-data-mongodb-3.1.0-M2.jar:/Users/moayademad/.m2/repository/org/springframework/boot/spring-boot-starter/3.1.0-M2/spring-boot-starter-3.1.0-M2.jar:/Users/moayademad/.m2/repository/org/springframework/boot/spring-boot-starter-logging/3.1.0-M2/spring-boot-starter-logging-3.1.0-M2.jar:/Users/moayademad/.m2/repository/ch/qos/logback/logback-classic/1.4.6/logback-classic-1.4.6.jar:/Users/moayademad/.m2/repository/ch/qos/logback/logback-core/1.4.6/logback-core-1.4.6.jar:/Users/moayademad/.m2/repository/org/apache/logging/log4j/log4j-to-slf4j/2.20.0/log4j-to-slf4j-2.20.0.jar:/Users/moayademad/.m2/repository/org/apache/logging/log4j/log4j-api/2.20.0/log4j-api-2.20.0.jar:/Users/moayademad/.m2/repository/org/slf4j/jul-to-slf4j/2.0.7/jul-to-slf4j-2.0.7.jar:/Users/moayademad/.m2/repository/jakarta/annotation/jakarta.annotation-api/2.1.1/jakarta.annotation-api-2.1.1.jar:/Users/moayademad/.m2/repository/org/yaml/snakeyaml/1.33/snakeyaml-1.33.jar:/Users/moayademad/.m2/repository/org/mongodb/mongodb-driver-sync/4.9.0/mongodb-driver-sync-4.9.0.jar:/Users/moayademad/.m2/repository/org/mongodb/bson/4.9.0/bson-4.9.0.jar:/Users/moayademad/.m2/repository/org/mongodb/mongodb-driver-core/4.9.0/mongodb-driver-core-4.9.0.jar:/Users/moayademad/.m2/repository/org/mongodb/bson-record-codec/4.9.0/bson-record-codec-4.9.0.jar:/Users/moayademad/.m2/repository/org/springframework/data/spring-data-mongodb/4.1.0-M3/spring-data-mongodb-4.1.0-M3.jar:/Users/moayademad/.m2/repository/org/springframework/spring-tx/6.0.7/spring-tx-6.0.7.jar:/Users/moayademad/.m2/repository/org/springframework/spring-context/6.0.7/spring-context-6.0.7.jar:/Users/moayademad/.m2/repository/org/springframework/spring-beans/6.0.7/spring-beans-6.0.7.jar:/Users/moayademad/.m2/repository/org/springframework/spring-expression/6.0.7/spring-expression-6.0.7.jar:/Users/moayademad/.m2/repository/org/springframework/data/spring-data-commons/3.1.0-M3/spring-data-commons-3.1.0-M3.jar:/Users/moayademad/.m2/repository/org/slf4j/slf4j-api/2.0.7/slf4j-api-2.0.7.jar:/Users/moayademad/.m2/repository/commons-codec/commons-codec/1.15/commons-codec-1.15.jar:/Users/moayademad/.m2/repository/org/springframework/session/spring-session-data-redis/2.5.1/spring-session-data-redis-2.5.1.jar:/Users/moayademad/.m2/repository/org/springframework/data/spring-data-redis/3.1.0-M3/spring-data-redis-3.1.0-M3.jar:/Users/moayademad/.m2/repository/org/springframework/data/spring-data-keyvalue/3.1.0-M3/spring-data-keyvalue-3.1.0-M3.jar:/Users/moayademad/.m2/repository/org/springframework/spring-oxm/6.0.7/spring-oxm-6.0.7.jar:/Users/moayademad/.m2/repository/org/springframework/spring-aop/6.0.7/spring-aop-6.0.7.jar:/Users/moayademad/.m2/repository/org/springframework/spring-context-support/6.0.7/spring-context-support-6.0.7.jar:/Users/moayademad/.m2/repository/org/springframework/session/spring-session-core/3.1.0-M1/spring-session-core-3.1.0-M1.jar:/Users/moayademad/.m2/repository/org/springframework/spring-jcl/6.0.7/spring-jcl-6.0.7.jar:/Users/moayademad/.m2/repository/org/springframework/boot/spring-boot-starter-web/3.1.0-M2/spring-boot-starter-web-3.1.0-M2.jar:/Users/moayademad/.m2/repository/org/springframework/boot/spring-boot-starter-json/3.1.0-M2/spring-boot-starter-json-3.1.0-M2.jar:/Users/moayademad/.m2/repository/com/fasterxml/jackson/datatype/jackson-datatype-jdk8/2.14.2/jackson-datatype-jdk8-2.14.2.jar:/Users/moayademad/.m2/repository/com/fasterxml/jackson/datatype/jackson-datatype-jsr310/2.14.2/jackson-datatype-jsr310-2.14.2.jar:/Users/moayademad/.m2/repository/com/fasterxml/jackson/module/jackson-module-parameter-names/2.14.2/jackson-module-parameter-names-2.14.2.jar:/Users/moayademad/.m2/repository/org/springframework/boot/spring-boot-starter-tomcat/3.1.0-M2/spring-boot-starter-tomcat-3.1.0-M2.jar:/Users/moayademad/.m2/repository/org/apache/tomcat/embed/tomcat-embed-core/10.1.7/tomcat-embed-core-10.1.7.jar:/Users/moayademad/.m2/repository/org/apache/tomcat/embed/tomcat-embed-el/10.1.7/tomcat-embed-el-10.1.7.jar:/Users/moayademad/.m2/repository/org/apache/tomcat/embed/tomcat-embed-websocket/10.1.7/tomcat-embed-websocket-10.1.7.jar:/Users/moayademad/.m2/repository/org/springframework/spring-web/6.0.7/spring-web-6.0.7.jar:/Users/moayademad/.m2/repository/io/micrometer/micrometer-observation/1.11.0-M2/micrometer-observation-1.11.0-M2.jar:/Users/moayademad/.m2/repository/io/micrometer/micrometer-commons/1.11.0-M2/micrometer-commons-1.11.0-M2.jar:/Users/moayademad/.m2/repository/org/springframework/spring-webmvc/6.0.7/spring-webmvc-6.0.7.jar:/Users/moayademad/.m2/repository/org/springframework/boot/spring-boot-devtools/3.1.0-M2/spring-boot-devtools-3.1.0-M2.jar:/Users/moayademad/.m2/repository/org/springframework/boot/spring-boot/3.1.0-M2/spring-boot-3.1.0-M2.jar:/Users/moayademad/.m2/repository/org/springframework/boot/spring-boot-autoconfigure/3.1.0-M2/spring-boot-autoconfigure-3.1.0-M2.jar:/Users/moayademad/.m2/repository/org/springframework/boot/spring-boot-starter-test/3.1.0-M2/spring-boot-starter-test-3.1.0-M2.jar:/Users/moayademad/.m2/repository/org/springframework/boot/spring-boot-test/3.1.0-M2/spring-boot-test-3.1.0-M2.jar:/Users/moayademad/.m2/repository/org/springframework/boot/spring-boot-test-autoconfigure/3.1.0-M2/spring-boot-test-autoconfigure-3.1.0-M2.jar:/Users/moayademad/.m2/repository/com/jayway/jsonpath/json-path/2.7.0/json-path-2.7.0.jar:/Users/moayademad/.m2/repository/net/minidev/json-smart/2.4.10/json-smart-2.4.10.jar:/Users/moayademad/.m2/repository/net/minidev/accessors-smart/2.4.9/accessors-smart-2.4.9.jar:/Users/moayademad/.m2/repository/org/ow2/asm/asm/9.3/asm-9.3.jar:/Users/moayademad/.m2/repository/jakarta/xml/bind/jakarta.xml.bind-api/4.0.0/jakarta.xml.bind-api-4.0.0.jar:/Users/moayademad/.m2/repository/jakarta/activation/jakarta.activation-api/2.1.1/jakarta.activation-api-2.1.1.jar:/Users/moayademad/.m2/repository/org/assertj/assertj-core/3.24.2/assertj-core-3.24.2.jar:/Users/moayademad/.m2/repository/net/bytebuddy/byte-buddy/1.14.2/byte-buddy-1.14.2.jar:/Users/moayademad/.m2/repository/org/hamcrest/hamcrest/2.2/hamcrest-2.2.jar:/Users/moayademad/.m2/repository/org/junit/jupiter/junit-jupiter/5.9.2/junit-jupiter-5.9.2.jar:/Users/moayademad/.m2/repository/org/junit/jupiter/junit-jupiter-api/5.9.2/junit-jupiter-api-5.9.2.jar:/Users/moayademad/.m2/repository/org/opentest4j/opentest4j/1.2.0/opentest4j-1.2.0.jar:/Users/moayademad/.m2/repository/org/junit/platform/junit-platform-commons/1.9.2/junit-platform-commons-1.9.2.jar:/Users/moayademad/.m2/repository/org/apiguardian/apiguardian-api/1.1.2/apiguardian-api-1.1.2.jar:/Users/moayademad/.m2/repository/org/junit/jupiter/junit-jupiter-params/5.9.2/junit-jupiter-params-5.9.2.jar:/Users/moayademad/.m2/repository/org/junit/jupiter/junit-jupiter-engine/5.9.2/junit-jupiter-engine-5.9.2.jar:/Users/moayademad/.m2/repository/org/junit/platform/junit-platform-engine/1.9.2/junit-platform-engine-1.9.2.jar:/Users/moayademad/.m2/repository/org/mockito/mockito-core/4.11.0/mockito-core-4.11.0.jar:/Users/moayademad/.m2/repository/net/bytebuddy/byte-buddy-agent/1.14.2/byte-buddy-agent-1.14.2.jar:/Users/moayademad/.m2/repository/org/objenesis/objenesis/3.3/objenesis-3.3.jar:/Users/moayademad/.m2/repository/org/mockito/mockito-junit-jupiter/4.11.0/mockito-junit-jupiter-4.11.0.jar:/Users/moayademad/.m2/repository/org/skyscreamer/jsonassert/1.5.1/jsonassert-1.5.1.jar:/Users/moayademad/.m2/repository/com/vaadin/external/google/android-json/0.0.20131108.vaadin1/android-json-0.0.20131108.vaadin1.jar:/Users/moayademad/.m2/repository/org/springframework/spring-core/6.0.7/spring-core-6.0.7.jar:/Users/moayademad/.m2/repository/org/springframework/spring-test/6.0.7/spring-test-6.0.7.jar:/Users/moayademad/.m2/repository/org/xmlunit/xmlunit-core/2.9.1/xmlunit-core-2.9.1.jar:/Users/moayademad/.m2/repository/org/mozilla/rhino/1.7.11/rhino-1.7.11.jar:/Users/moayademad/.m2/repository/com/fasterxml/jackson/core/jackson-databind/2.14.2/jackson-databind-2.14.2.jar:/Users/moayademad/.m2/repository/com/fasterxml/jackson/core/jackson-annotations/2.14.2/jackson-annotations-2.14.2.jar:/Users/moayademad/.m2/repository/com/fasterxml/jackson/core/jackson-core/2.14.2/jackson-core-2.14.2.jar:"/>
    <property name="java.vm.vendor" value="Oracle Corporation"/>
    <property name="sun.arch.data.model" value="64"/>
    <property name="java.vendor.url" value="https://java.oracle.com/"/>
    <property name="os.name" value="Mac OS X"/>
    <property name="java.vm.specification.version" value="20"/>
    <property name="sun.java.launcher" value="SUN_STANDARD"/>
    <property name="user.country" value="GB"/>
    <property name="sun.boot.library.path" value="/Library/Java/JavaVirtualMachines/jdk-20.jdk/Contents/Home/lib"/>
    <property name="sun.java.command" value="/Users/moayademad/systems_software/Project/backend/target/surefire/surefirebooter12372303772012741622.jar /Users/moayademad/systems_software/Project/backend/target/surefire 2023-04-02T19-38-24_796-jvmRun1 surefire340835628013826787tmp surefire_04599811168580299660tmp"/>
    <property name="http.nonProxyHosts" value="local|*.local|169.254/16|*.169.254/16"/>
    <property name="jdk.debug" value="release"/>
    <property name="surefire.test.class.path" value="/Users/moayademad/systems_software/Project/backend/target/test-classes:/Users/moayademad/systems_software/Project/backend/target/classes:/Users/moayademad/.m2/repository/org/springframework/boot/spring-boot-starter-data-mongodb/3.1.0-M2/spring-boot-starter-data-mongodb-3.1.0-M2.jar:/Users/moayademad/.m2/repository/org/springframework/boot/spring-boot-starter/3.1.0-M2/spring-boot-starter-3.1.0-M2.jar:/Users/moayademad/.m2/repository/org/springframework/boot/spring-boot-starter-logging/3.1.0-M2/spring-boot-starter-logging-3.1.0-M2.jar:/Users/moayademad/.m2/repository/ch/qos/logback/logback-classic/1.4.6/logback-classic-1.4.6.jar:/Users/moayademad/.m2/repository/ch/qos/logback/logback-core/1.4.6/logback-core-1.4.6.jar:/Users/moayademad/.m2/repository/org/apache/logging/log4j/log4j-to-slf4j/2.20.0/log4j-to-slf4j-2.20.0.jar:/Users/moayademad/.m2/repository/org/apache/logging/log4j/log4j-api/2.20.0/log4j-api-2.20.0.jar:/Users/moayademad/.m2/repository/org/slf4j/jul-to-slf4j/2.0.7/jul-to-slf4j-2.0.7.jar:/Users/moayademad/.m2/repository/jakarta/annotation/jakarta.annotation-api/2.1.1/jakarta.annotation-api-2.1.1.jar:/Users/moayademad/.m2/repository/org/yaml/snakeyaml/1.33/snakeyaml-1.33.jar:/Users/moayademad/.m2/repository/org/mongodb/mongodb-driver-sync/4.9.0/mongodb-driver-sync-4.9.0.jar:/Users/moayademad/.m2/repository/org/mongodb/bson/4.9.0/bson-4.9.0.jar:/Users/moayademad/.m2/repository/org/mongodb/mongodb-driver-core/4.9.0/mongodb-driver-core-4.9.0.jar:/Users/moayademad/.m2/repository/org/mongodb/bson-record-codec/4.9.0/bson-record-codec-4.9.0.jar:/Users/moayademad/.m2/repository/org/springframework/data/spring-data-mongodb/4.1.0-M3/spring-data-mongodb-4.1.0-M3.jar:/Users/moayademad/.m2/repository/org/springframework/spring-tx/6.0.7/spring-tx-6.0.7.jar:/Users/moayademad/.m2/repository/org/springframework/spring-context/6.0.7/spring-context-6.0.7.jar:/Users/moayademad/.m2/repository/org/springframework/spring-beans/6.0.7/spring-beans-6.0.7.jar:/Users/moayademad/.m2/repository/org/springframework/spring-expression/6.0.7/spring-expression-6.0.7.jar:/Users/moayademad/.m2/repository/org/springframework/data/spring-data-commons/3.1.0-M3/spring-data-commons-3.1.0-M3.jar:/Users/moayademad/.m2/repository/org/slf4j/slf4j-api/2.0.7/slf4j-api-2.0.7.jar:/Users/moayademad/.m2/repository/commons-codec/commons-codec/1.15/commons-codec-1.15.jar:/Users/moayademad/.m2/repository/org/springframework/session/spring-session-data-redis/2.5.1/spring-session-data-redis-2.5.1.jar:/Users/moayademad/.m2/repository/org/springframework/data/spring-data-redis/3.1.0-M3/spring-data-redis-3.1.0-M3.jar:/Users/moayademad/.m2/repository/org/springframework/data/spring-data-keyvalue/3.1.0-M3/spring-data-keyvalue-3.1.0-M3.jar:/Users/moayademad/.m2/repository/org/springframework/spring-oxm/6.0.7/spring-oxm-6.0.7.jar:/Users/moayademad/.m2/repository/org/springframework/spring-aop/6.0.7/spring-aop-6.0.7.jar:/Users/moayademad/.m2/repository/org/springframework/spring-context-support/6.0.7/spring-context-support-6.0.7.jar:/Users/moayademad/.m2/repository/org/springframework/session/spring-session-core/3.1.0-M1/spring-session-core-3.1.0-M1.jar:/Users/moayademad/.m2/repository/org/springframework/spring-jcl/6.0.7/spring-jcl-6.0.7.jar:/Users/moayademad/.m2/repository/org/springframework/boot/spring-boot-starter-web/3.1.0-M2/spring-boot-starter-web-3.1.0-M2.jar:/Users/moayademad/.m2/repository/org/springframework/boot/spring-boot-starter-json/3.1.0-M2/spring-boot-starter-json-3.1.0-M2.jar:/Users/moayademad/.m2/repository/com/fasterxml/jackson/datatype/jackson-datatype-jdk8/2.14.2/jackson-datatype-jdk8-2.14.2.jar:/Users/moayademad/.m2/repository/com/fasterxml/jackson/datatype/jackson-datatype-jsr310/2.14.2/jackson-datatype-jsr310-2.14.2.jar:/Users/moayademad/.m2/repository/com/fasterxml/jackson/module/jackson-module-parameter-names/2.14.2/jackson-module-parameter-names-2.14.2.jar:/Users/moayademad/.m2/repository/org/springframework/boot/spring-boot-starter-tomcat/3.1.0-M2/spring-boot-starter-tomcat-3.1.0-M2.jar:/Users/moayademad/.m2/repository/org/apache/tomcat/embed/tomcat-embed-core/10.1.7/tomcat-embed-core-10.1.7.jar:/Users/moayademad/.m2/repository/org/apache/tomcat/embed/tomcat-embed-el/10.1.7/tomcat-embed-el-10.1.7.jar:/Users/moayademad/.m2/repository/org/apache/tomcat/embed/tomcat-embed-websocket/10.1.7/tomcat-embed-websocket-10.1.7.jar:/Users/moayademad/.m2/repository/org/springframework/spring-web/6.0.7/spring-web-6.0.7.jar:/Users/moayademad/.m2/repository/io/micrometer/micrometer-observation/1.11.0-M2/micrometer-observation-1.11.0-M2.jar:/Users/moayademad/.m2/repository/io/micrometer/micrometer-commons/1.11.0-M2/micrometer-commons-1.11.0-M2.jar:/Users/moayademad/.m2/repository/org/springframework/spring-webmvc/6.0.7/spring-webmvc-6.0.7.jar:/Users/moayademad/.m2/repository/org/springframework/boot/spring-boot-devtools/3.1.0-M2/spring-boot-devtools-3.1.0-M2.jar:/Users/moayademad/.m2/repository/org/springframework/boot/spring-boot/3.1.0-M2/spring-boot-3.1.0-M2.jar:/Users/moayademad/.m2/repository/org/springframework/boot/spring-boot-autoconfigure/3.1.0-M2/spring-boot-autoconfigure-3.1.0-M2.jar:/Users/moayademad/.m2/repository/org/springframework/boot/spring-boot-starter-test/3.1.0-M2/spring-boot-starter-test-3.1.0-M2.jar:/Users/moayademad/.m2/repository/org/springframework/boot/spring-boot-test/3.1.0-M2/spring-boot-test-3.1.0-M2.jar:/Users/moayademad/.m2/repository/org/springframework/boot/spring-boot-test-autoconfigure/3.1.0-M2/spring-boot-test-autoconfigure-3.1.0-M2.jar:/Users/moayademad/.m2/repository/com/jayway/jsonpath/json-path/2.7.0/json-path-2.7.0.jar:/Users/moayademad/.m2/repository/net/minidev/json-smart/2.4.10/json-smart-2.4.10.jar:/Users/moayademad/.m2/repository/net/minidev/accessors-smart/2.4.9/accessors-smart-2.4.9.jar:/Users/moayademad/.m2/repository/org/ow2/asm/asm/9.3/asm-9.3.jar:/Users/moayademad/.m2/repository/jakarta/xml/bind/jakarta.xml.bind-api/4.0.0/jakarta.xml.bind-api-4.0.0.jar:/Users/moayademad/.m2/repository/jakarta/activation/jakarta.activation-api/2.1.1/jakarta.activation-api-2.1.1.jar:/Users/moayademad/.m2/repository/org/assertj/assertj-core/3.24.2/assertj-core-3.24.2.jar:/Users/moayademad/.m2/repository/net/bytebuddy/byte-buddy/1.14.2/byte-buddy-1.14.2.jar:/Users/moayademad/.m2/repository/org/hamcrest/hamcrest/2.2/hamcrest-2.2.jar:/Users/moayademad/.m2/repository/org/junit/jupiter/junit-jupiter/5.9.2/junit-jupiter-5.9.2.jar:/Users/moayademad/.m2/repository/org/junit/jupiter/junit-jupiter-api/5.9.2/junit-jupiter-api-5.9.2.jar:/Users/moayademad/.m2/repository/org/opentest4j/opentest4j/1.2.0/opentest4j-1.2.0.jar:/Users/moayademad/.m2/repository/org/junit/platform/junit-platform-commons/1.9.2/junit-platform-commons-1.9.2.jar:/Users/moayademad/.m2/repository/org/apiguardian/apiguardian-api/1.1.2/apiguardian-api-1.1.2.jar:/Users/moayademad/.m2/repository/org/junit/jupiter/junit-jupiter-params/5.9.2/junit-jupiter-params-5.9.2.jar:/Users/moayademad/.m2/repository/org/junit/jupiter/junit-jupiter-engine/5.9.2/junit-jupiter-engine-5.9.2.jar:/Users/moayademad/.m2/repository/org/junit/platform/junit-platform-engine/1.9.2/junit-platform-engine-1.9.2.jar:/Users/moayademad/.m2/repository/org/mockito/mockito-core/4.11.0/mockito-core-4.11.0.jar:/Users/moayademad/.m2/repository/net/bytebuddy/byte-buddy-agent/1.14.2/byte-buddy-agent-1.14.2.jar:/Users/moayademad/.m2/repository/org/objenesis/objenesis/3.3/objenesis-3.3.jar:/Users/moayademad/.m2/repository/org/mockito/mockito-junit-jupiter/4.11.0/mockito-junit-jupiter-4.11.0.jar:/Users/moayademad/.m2/repository/org/skyscreamer/jsonassert/1.5.1/jsonassert-1.5.1.jar:/Users/moayademad/.m2/repository/com/vaadin/external/google/android-json/0.0.20131108.vaadin1/android-json-0.0.20131108.vaadin1.jar:/Users/moayademad/.m2/repository/org/springframework/spring-core/6.0.7/spring-core-6.0.7.jar:/Users/moayademad/.m2/repository/org/springframework/spring-test/6.0.7/spring-test-6.0.7.jar:/Users/moayademad/.m2/repository/org/xmlunit/xmlunit-core/2.9.1/xmlunit-core-2.9.1.jar:/Users/moayademad/.m2/repository/org/mozilla/rhino/1.7.11/rhino-1.7.11.jar:/Users/moayademad/.m2/repository/com/fasterxml/jackson/core/jackson-databind/2.14.2/jackson-databind-2.14.2.jar:/Users/moayademad/.m2/repository/com/fasterxml/jackson/core/jackson-annotations/2.14.2/jackson-annotations-2.14.2.jar:/Users/moayademad/.m2/repository/com/fasterxml/jackson/core/jackson-core/2.14.2/jackson-core-2.14.2.jar:"/>
    <property name="sun.cpu.endian" value="little"/>
    <property name="user.home" value="/Users/moayademad"/>
    <property name="user.language" value="en"/>
    <property name="java.specification.vendor" value="Oracle Corporation"/>
    <property name="java.version.date" value="2023-03-21"/>
    <property name="java.home" value="/Library/Java/JavaVirtualMachines/jdk-20.jdk/Contents/Home"/>
    <property name="file.separator" value="/"/>
    <property name="basedir" value="/Users/moayademad/systems_software/Project/backend"/>
    <property name="java.vm.compressedOopsMode" value="Zero based"/>
    <property name="line.separator" value="&#10;"/>
    <property name="java.vm.specification.vendor" value="Oracle Corporation"/>
    <property name="java.specification.name" value="Java Platform API Specification"/>
    <property name="apple.awt.application.name" value="ForkedBooter"/>
    <property name="surefire.real.class.path" value="/Users/moayademad/systems_software/Project/backend/target/surefire/surefirebooter12372303772012741622.jar"/>
    <property name="sun.management.compiler" value="HotSpot 64-Bit Tiered Compilers"/>
    <property name="ftp.nonProxyHosts" value="local|*.local|169.254/16|*.169.254/16"/>
    <property name="java.runtime.version" value="20+36-2344"/>
    <property name="user.name" value="moayademad"/>
    <property name="stdout.encoding" value="UTF-8"/>
    <property name="path.separator" value=":"/>
    <property name="os.version" value="13.3"/>
    <property name="java.runtime.name" value="OpenJDK Runtime Environment"/>
    <property name="file.encoding" value="UTF-8"/>
    <property name="java.vm.name" value="OpenJDK 64-Bit Server VM"/>
    <property name="localRepository" value="/Users/moayademad/.m2/repository"/>
    <property name="java.vendor.url.bug" value="https://bugreport.java.com/bugreport/"/>
    <property name="java.io.tmpdir" value="/var/folders/g7/rp0048v50p7fyxg_2r4fmgwr0000gn/T/"/>
    <property name="java.version" value="20"/>
    <property name="user.dir" value="/Users/moayademad/systems_software/Project/backend"/>
    <property name="os.arch" value="x86_64"/>
    <property name="java.vm.specification.name" value="Java Virtual Machine Specification"/>
    <property name="native.encoding" value="UTF-8"/>
    <property name="java.library.path" value="/Users/moayademad/Library/Java/Extensions:/Library/Java/Extensions:/Network/Library/Java/Extensions:/System/Library/Java/Extensions:/usr/lib/java:."/>
    <property name="java.vm.info" value="mixed mode, sharing"/>
    <property name="stderr.encoding" value="UTF-8"/>
    <property name="java.vendor" value="Oracle Corporation"/>
    <property name="java.vm.version" value="20+36-2344"/>
    <property name="sun.io.unicode.encoding" value="UnicodeBig"/>
    <property name="socksNonProxyHosts" value="local|*.local|169.254/16|*.169.254/16"/>
    <property name="java.class.version" value="64.0"/>
  </properties>
  <testcase name="contextLoads" classname="com.laceUp.LaceUp.LaceUpApplicationTests" time="0.413"/>
</testsuite>